/*
	Generated by the Particle Editor.
	To use the particle editor, launch the game and type 'editParticles' on the console.
*/
particle bloodwound.prt {
	{
		count				40
		material			textures/particles/bloodsplat4
		time				0.450
		cycles				1.000
		bunching			0.150
		distribution		sphere 1.000 1.000 1.000 
		direction			cone "75.000" 
		orientation			view 
		speed				 163.000  to 32.000
		size				 5.000  to 6.000
		aspect				 1.000 

		rotation				 100.000 

		randomDistribution				1
		boundsExpansion				0.000
		fadeIn				0.200
		fadeOut				0.150
		fadeIndex				0.600
		color 				1.000 1.000 1.000 1.000
		fadeColor 			0.000 0.000 0.000 1.000
		offset 				0.000 0.000 0.000
		gravity 			world 125.000
	}
	{
		count				12
		material			textures/particles/bloodspray5
		time				0.300
		cycles				1.000
		bunching			0.000
		distribution		rect 1.000 1.000 0.000 
		direction			cone "60.000" 
		orientation			view 
		speed				 30.000  to 4.000
		size				 5.000  to 7.500
		aspect				 1.000  to 2.000
		randomDistribution				1
		boundsExpansion				0.000
		fadeIn				0.000
		fadeOut				0.450
		fadeIndex				1.000
		color 				1.000 1.000 1.000 1.000
		fadeColor 			0.000 0.000 0.000 0.000
		offset 				0.000 0.000 0.000
		gravity 			world 10.000
	}
	{
		count				23
		material			textures/particles/bloodsplat1
		time				0.350
		cycles				1.000
		bunching			0.000
		distribution		sphere 0.100 0.100 0.100 
		direction			cone "90.000" 
		orientation			view 
		speed				 86.000  to 30.000
		size				 7.500  to 8.500
		aspect				 1.000 

		randomDistribution				1
		boundsExpansion				0.000
		fadeIn				1.000
		fadeOut				0.400
		fadeIndex				0.000
		color 				1.000 1.000 1.000 1.000
		fadeColor 			0.000 0.000 0.000 0.000
		offset 				0.000 0.000 0.000
		gravity 			world 105.000
	}
	{
		count				10
		material			textures/particles/gib_chunk1
		time				0.350
		cycles				1.000
		bunching			1.000
		distribution		rect 8.000 8.000 8.000 
		direction			cone "90.000" 
		orientation			view 
		speed				 150.000  to 4.000
		size				 6.000 to 6.000
		aspect				 1.000 

		randomDistribution				1
		boundsExpansion				0.000
		fadeIn				0.100
		fadeOut				0.250
		fadeIndex				0.000
		color 				1.000 0.030 0.000 1.000
		fadeColor 			0.000 0.000 0.000 0.000
		offset 				0.000 0.000 0.000
		gravity 			world 152.000
	}
}