/*
	Generated by the Particle Editor.
	To use the particle editor, launch the game and type 'editParticles' on the console.
*/
particle debris.prt {
	{
		count				20
		material			textures/particles/rolling_smoke
		time				0.600
		cycles				1.000
		bunching			1.000
		distribution		rect 1.000 1.000 1.000 
		direction			cone "65.000" 
		orientation			view 
		speed				 0.200  to 1.000
		size				 3.000  to 8.500
		aspect				 1.000 

		randomDistribution				1
		boundsExpansion				0.000
		fadeIn				0.250
		fadeOut				1.000
		fadeIndex				0.000
		color 				0.560 0.540 0.560 1.000
		fadeColor 			0.000 0.000 0.000 0.000
		offset 				0.000 0.000 0.000
		gravity 			world -36.000
	}
	{
		count				28
		material			textures/particles/fire
		time				0.250
		cycles				5.000
		bunching			1.000
		distribution		rect 0.100 0.100 0.100 
		direction			cone "90.000" 
		orientation			view 
		speed				 0.000 

		size				 11.000  to 4.500
		aspect				 1.000 

		randomDistribution				1
		boundsExpansion				0.000
		fadeIn				0.100
		fadeOut				1.000
		fadeIndex				0.000
		color 				0.200 0.160 0.150 1.000
		fadeColor 			0.000 0.000 0.000 0.000
		offset 				0.000 0.000 0.000
		gravity 			world -166.000
	}
}
