
/*
	Generated by the Particle Editor.
	To use the particle editor, launch the game and type 'editParticles' on the console.
*/
particle particles/edf_shipfire.prt {
	depthHack	100
	{
		count				3
		material			textures/particles/explosion1
		time				3.150
		cycles				1.000
		deadTime			1.000
		bunching			0.300
		distribution		rect 24.000 24.000 0.000 
		direction			outward "0.500" 
		orientation			view 
		speed				 "100.000" 
		size				 "100.000"  to "200.000"
		aspect				 "1.000"  to "2.000"
		randomDistribution				1
		boundsExpansion				0.000
		fadeIn				0.100
		fadeOut				1.000
		fadeIndex				0.000
		color 				1.000 0.770 0.640 1.000
		fadeColor 			0.100 0.000 0.000 0.000
		offset 				0.000 0.000 0.000
		gravity 			0.000
	}
}