material muzzleSmokePuff
{
	qer_editorimage textures/particles/smokepuff.tga
	translucent
	noShadows
	sort		10		// sort very late, so no translucent objects in the world draws over it
	{
		blend gl_zero, gl_one_minus_src_color
		map textures/particles/smokepuff.tga
		vertexColor
	}
}

/*
	Generated by the Particle Editor.
	To use the particle editor, launch the game and type 'editParticles' on the console.
*/
particle particles/muzzlesmoke.prt {
	{
		count				20
		material			muzzlesmokepuff
		time				1.000
		cycles				1.000
		bunching			1.000
		distribution		rect 0.000 0.000 0.000 
		direction			cone 0.000 
		orientation			view 
		speed				 "2.000" 
		size				 "3.000"  to "6.500"
		aspect				 "1.000" 
		fadeIn				0.100
		fadeOut				0.500
		fadeIndex				0.850
		color 				0.250 0.250 0.250 1.000
		fadeColor 			0.000 0.000 0.000 1.000
		offset 				0.000 0.000 0.000
		gravity 			world -10.000
	}
}

particle particles/muzzlefire.prt {
	depthHack	100
	{
		count				3
		material			textures/particles/explosion1
		time				0.09
		cycles				1.000
		bunching			1.000
		distribution		rect 0.000 0.000 0.000 
		direction			cone 0.000 
		orientation			view 
		speed				 "2.000" 
		size				 "2.000"  to "4.500"
		aspect				 "1.000" 
		fadeIn				0.100
		fadeOut				0.500
		fadeIndex				0.850
		color 				0.250 0.250 0.250 1.000
		fadeColor 			0.000 0.000 0.000 1.000
		offset 				0.000 0.000 0.000
		gravity 			world -10.000
	}
}

particle particles/muzzlefire2.prt {
	depthHack	100
	{
		count				3
		material			textures/particles/explosion1
		time				0.09
		cycles				1.000
		bunching			1.000
		distribution		rect 0.000 0.000 0.000 
		direction			cone 0.000 
		orientation			view 
		speed				 "2.000" 
		size				 "4.000"  to "6.500"
		aspect				 "1.000" 
		fadeIn				0.100
		fadeOut				0.500
		fadeIndex				0.850
		color 				0.250 0.250 0.250 1.000
		fadeColor 			0.000 0.000 0.000 1.000
		offset 				0.000 0.000 0.000
		gravity 			world -10.000
	}
}